20:27:00.570 12266 [CurrencyTelegramBot Telegram Executor] INFO  ru.liga.view.Bot - Update(updateId=899650215, message=Message(messageId=132, from=User(id=323997975, firstName=Дмитрий, isBot=false, lastName=Соломатин, userName=chlok1991, languageCode=ru, canJoinGroups=null, canReadAllGroupMessages=null, supportInlineQueries=null), date=1648402030, chat=Chat(id=323997975, type=private, title=null, firstName=Дмитрий, lastName=Соломатин, userName=chlok1991, allMembersAreAdministrators=null, photo=null, description=null, inviteLink=null, pinnedMessage=null, stickerSetName=null, canSetStickerSet=null, permissions=null, slowModeDelay=null, bio=null, linkedChatId=null, location=null, messageAutoDeleteTime=null, allowSavingContent=null, hasPrivateForwards=null), forwardFrom=null, forwardFromChat=null, forwardDate=null, text=rate USD,TRY,EUR -period month -alg actual -output graph, entities=null, captionEntities=null, audio=null, document=null, photo=null, sticker=null, video=null, contact=null, location=null, venue=null, animation=null, pinnedMessage=null, newChatMembers=[], leftChatMember=null, newChatTitle=null, newChatPhoto=null, deleteChatPhoto=null, groupchatCreated=null, replyToMessage=null, voice=null, caption=null, superGroupCreated=null, channelChatCreated=null, migrateToChatId=null, migrateFromChatId=null, editDate=null, game=null, forwardFromMessageId=null, invoice=null, successfulPayment=null, videoNote=null, authorSignature=null, forwardSignature=null, mediaGroupId=null, connectedWebsite=null, passportData=null, forwardSenderName=null, poll=null, replyMarkup=null, dice=null, viaBot=null, senderChat=null, proximityAlertTriggered=null, messageAutoDeleteTimerChanged=null, voiceChatStarted=null, voiceChatEnded=null, voiceChatParticipantsInvited=null, voiceChatScheduled=null, isAutomaticForward=null, canBeForwarded=null), inlineQuery=null, chosenInlineQuery=null, callbackQuery=null, editedMessage=null, channelPost=null, editedChannelPost=null, shippingQuery=null, preCheckoutQuery=null, poll=null, pollAnswer=null, myChatMember=null, chatMember=null, chatJoinRequest=null)
20:27:00.612 12308 [CurrencyTelegramBot Telegram Executor] INFO  ru.liga.utils.CommandMapper - ServiceCommand{output=GRAPH, date=2022-04-27, algorithm=ACTUAL, currencies=[USD, TRY, EUR], period=MONTH}
20:27:01.870 13566 [CurrencyTelegramBot Telegram Executor] INFO  ru.liga.view.Bot - SendMessage(chatId=323997975, text=отсутствуют корректные значения для прогноза в базе данных, parseMode=null, disableWebPagePreview=null, disableNotification=null, replyToMessageId=null, replyMarkup=null, entities=null, allowSendingWithoutReply=null, protectContent=null)
20:27:01.872 13568 [CurrencyTelegramBot Telegram Executor] DEBUG ru.liga.view.Bot - class java.lang.IllegalArgumentExceptionотсутствуют корректные значения для прогноза в базе данных
20:27:18.503 30199 [CurrencyTelegramBot Telegram Executor] INFO  ru.liga.view.Bot - Update(updateId=899650216, message=Message(messageId=134, from=User(id=323997975, firstName=Дмитрий, isBot=false, lastName=Соломатин, userName=chlok1991, languageCode=ru, canJoinGroups=null, canReadAllGroupMessages=null, supportInlineQueries=null), date=1648402048, chat=Chat(id=323997975, type=private, title=null, firstName=Дмитрий, lastName=Соломатин, userName=chlok1991, allMembersAreAdministrators=null, photo=null, description=null, inviteLink=null, pinnedMessage=null, stickerSetName=null, canSetStickerSet=null, permissions=null, slowModeDelay=null, bio=null, linkedChatId=null, location=null, messageAutoDeleteTime=null, allowSavingContent=null, hasPrivateForwards=null), forwardFrom=null, forwardFromChat=null, forwardDate=null, text=rate USD,TRY -period month -alg moon -output graph, entities=null, captionEntities=null, audio=null, document=null, photo=null, sticker=null, video=null, contact=null, location=null, venue=null, animation=null, pinnedMessage=null, newChatMembers=[], leftChatMember=null, newChatTitle=null, newChatPhoto=null, deleteChatPhoto=null, groupchatCreated=null, replyToMessage=null, voice=null, caption=null, superGroupCreated=null, channelChatCreated=null, migrateToChatId=null, migrateFromChatId=null, editDate=null, game=null, forwardFromMessageId=null, invoice=null, successfulPayment=null, videoNote=null, authorSignature=null, forwardSignature=null, mediaGroupId=null, connectedWebsite=null, passportData=null, forwardSenderName=null, poll=null, replyMarkup=null, dice=null, viaBot=null, senderChat=null, proximityAlertTriggered=null, messageAutoDeleteTimerChanged=null, voiceChatStarted=null, voiceChatEnded=null, voiceChatParticipantsInvited=null, voiceChatScheduled=null, isAutomaticForward=null, canBeForwarded=null), inlineQuery=null, chosenInlineQuery=null, callbackQuery=null, editedMessage=null, channelPost=null, editedChannelPost=null, shippingQuery=null, preCheckoutQuery=null, poll=null, pollAnswer=null, myChatMember=null, chatMember=null, chatJoinRequest=null)
20:27:18.506 30202 [CurrencyTelegramBot Telegram Executor] INFO  ru.liga.utils.CommandMapper - ServiceCommand{output=GRAPH, date=2022-04-27, algorithm=MYSTIC, currencies=[USD, TRY], period=MONTH}
20:27:18.583 30279 [CurrencyTelegramBot Telegram Executor] INFO  ru.liga.controller.RateController - ru.liga.model.TelegramCommand@7cebeea3
20:27:20.287 31983 [CurrencyTelegramBot Telegram Executor] INFO  ru.liga.view.Bot - SendPhoto(chatId=323997975, photo=InputFile(attachName=attach://image.png, mediaName=image.png, newMediaFile=C:\Users\chlok\Desktop\TelegramCurrencyForecaster\src\main\resources\image.png, newMediaStream=null, isNew=true), caption=, disableNotification=null, replyToMessageId=null, replyMarkup=null, parseMode=null, captionEntities=null, allowSendingWithoutReply=null, protectContent=null)
20:34:55.709 487405 [CurrencyTelegramBot Telegram Connection] INFO  o.t.t.u.DefaultBotSession - Read timed out
java.net.SocketTimeoutException: Read timed out
	at java.base/sun.nio.ch.NioSocketImpl.timedRead(NioSocketImpl.java:283) ~[na:na]
	at java.base/sun.nio.ch.NioSocketImpl.implRead(NioSocketImpl.java:309) ~[na:na]
	at java.base/sun.nio.ch.NioSocketImpl.read(NioSocketImpl.java:350) ~[na:na]
	at java.base/sun.nio.ch.NioSocketImpl$1.read(NioSocketImpl.java:803) ~[na:na]
	at java.base/java.net.Socket$SocketInputStream.read(Socket.java:976) ~[na:na]
	at java.base/sun.security.ssl.SSLSocketInputRecord.read(SSLSocketInputRecord.java:478) ~[na:na]
	at java.base/sun.security.ssl.SSLSocketInputRecord.readHeader(SSLSocketInputRecord.java:472) ~[na:na]
	at java.base/sun.security.ssl.SSLSocketInputRecord.bytesInCompletePacket(SSLSocketInputRecord.java:70) ~[na:na]
	at java.base/sun.security.ssl.SSLSocketImpl.readApplicationRecord(SSLSocketImpl.java:1454) ~[na:na]
	at java.base/sun.security.ssl.SSLSocketImpl$AppInputStream.read(SSLSocketImpl.java:1060) ~[na:na]
	at org.apache.http.impl.io.SessionInputBufferImpl.streamRead(SessionInputBufferImpl.java:137) ~[httpcore-4.4.13.jar:4.4.13]
	at org.apache.http.impl.io.SessionInputBufferImpl.fillBuffer(SessionInputBufferImpl.java:153) ~[httpcore-4.4.13.jar:4.4.13]
	at org.apache.http.impl.io.SessionInputBufferImpl.readLine(SessionInputBufferImpl.java:280) ~[httpcore-4.4.13.jar:4.4.13]
	at org.apache.http.impl.conn.DefaultHttpResponseParser.parseHead(DefaultHttpResponseParser.java:138) ~[httpclient-4.5.13.jar:4.5.13]
	at org.apache.http.impl.conn.DefaultHttpResponseParser.parseHead(DefaultHttpResponseParser.java:56) ~[httpclient-4.5.13.jar:4.5.13]
	at org.apache.http.impl.io.AbstractMessageParser.parse(AbstractMessageParser.java:259) ~[httpcore-4.4.13.jar:4.4.13]
	at org.apache.http.impl.DefaultBHttpClientConnection.receiveResponseHeader(DefaultBHttpClientConnection.java:163) ~[httpcore-4.4.13.jar:4.4.13]
	at org.apache.http.impl.conn.CPoolProxy.receiveResponseHeader(CPoolProxy.java:157) ~[httpclient-4.5.13.jar:4.5.13]
	at org.apache.http.protocol.HttpRequestExecutor.doReceiveResponse(HttpRequestExecutor.java:273) ~[httpcore-4.4.13.jar:4.4.13]
	at org.apache.http.protocol.HttpRequestExecutor.execute(HttpRequestExecutor.java:125) ~[httpcore-4.4.13.jar:4.4.13]
	at org.apache.http.impl.execchain.MainClientExec.execute(MainClientExec.java:272) ~[httpclient-4.5.13.jar:4.5.13]
	at org.apache.http.impl.execchain.ProtocolExec.execute(ProtocolExec.java:186) ~[httpclient-4.5.13.jar:4.5.13]
	at org.apache.http.impl.execchain.RetryExec.execute(RetryExec.java:89) ~[httpclient-4.5.13.jar:4.5.13]
	at org.apache.http.impl.execchain.RedirectExec.execute(RedirectExec.java:110) ~[httpclient-4.5.13.jar:4.5.13]
	at org.apache.http.impl.client.InternalHttpClient.doExecute(InternalHttpClient.java:185) ~[httpclient-4.5.13.jar:4.5.13]
	at org.apache.http.impl.client.CloseableHttpClient.execute(CloseableHttpClient.java:83) ~[httpclient-4.5.13.jar:4.5.13]
	at org.telegram.telegrambots.updatesreceivers.DefaultBotSession$ReaderThread.getUpdatesFromServer(DefaultBotSession.java:250) ~[telegrambots-5.7.1.jar:na]
	at org.telegram.telegrambots.updatesreceivers.DefaultBotSession$ReaderThread.run(DefaultBotSession.java:189) ~[telegrambots-5.7.1.jar:na]
21:06:11.114 16093 [CurrencyTelegramBot Telegram Executor] INFO  ru.liga.view.Bot - Update(updateId=899650217, message=Message(messageId=136, from=User(id=323997975, firstName=Дмитрий, isBot=false, lastName=Соломатин, userName=chlok1991, languageCode=ru, canJoinGroups=null, canReadAllGroupMessages=null, supportInlineQueries=null), date=1648404381, chat=Chat(id=323997975, type=private, title=null, firstName=Дмитрий, lastName=Соломатин, userName=chlok1991, allMembersAreAdministrators=null, photo=null, description=null, inviteLink=null, pinnedMessage=null, stickerSetName=null, canSetStickerSet=null, permissions=null, slowModeDelay=null, bio=null, linkedChatId=null, location=null, messageAutoDeleteTime=null, allowSavingContent=null, hasPrivateForwards=null), forwardFrom=null, forwardFromChat=null, forwardDate=null, text=rate USD,TRY -period month -alg moon -output graph, entities=null, captionEntities=null, audio=null, document=null, photo=null, sticker=null, video=null, contact=null, location=null, venue=null, animation=null, pinnedMessage=null, newChatMembers=[], leftChatMember=null, newChatTitle=null, newChatPhoto=null, deleteChatPhoto=null, groupchatCreated=null, replyToMessage=null, voice=null, caption=null, superGroupCreated=null, channelChatCreated=null, migrateToChatId=null, migrateFromChatId=null, editDate=null, game=null, forwardFromMessageId=null, invoice=null, successfulPayment=null, videoNote=null, authorSignature=null, forwardSignature=null, mediaGroupId=null, connectedWebsite=null, passportData=null, forwardSenderName=null, poll=null, replyMarkup=null, dice=null, viaBot=null, senderChat=null, proximityAlertTriggered=null, messageAutoDeleteTimerChanged=null, voiceChatStarted=null, voiceChatEnded=null, voiceChatParticipantsInvited=null, voiceChatScheduled=null, isAutomaticForward=null, canBeForwarded=null), inlineQuery=null, chosenInlineQuery=null, callbackQuery=null, editedMessage=null, channelPost=null, editedChannelPost=null, shippingQuery=null, preCheckoutQuery=null, poll=null, pollAnswer=null, myChatMember=null, chatMember=null, chatJoinRequest=null)
21:06:11.145 16124 [CurrencyTelegramBot Telegram Executor] INFO  ru.liga.utils.CommandMapper - ServiceCommand{output=GRAPH, date=2022-04-27, algorithm=MYSTIC, currencies=[USD, TRY], period=MONTH}
21:34:05.193 1690172 [CurrencyTelegramBot Telegram Executor] INFO  ru.liga.controller.RateController - ru.liga.model.TelegramCommand@53359abb
21:34:05.194 1690173 [CurrencyTelegramBot Telegram Connection] ERROR o.t.t.u.DefaultBotSession - Remote host terminated the handshake
javax.net.ssl.SSLHandshakeException: Remote host terminated the handshake
	at java.base/sun.security.ssl.SSLSocketImpl.handleEOF(SSLSocketImpl.java:1715) ~[na:na]
	at java.base/sun.security.ssl.SSLSocketImpl.decode(SSLSocketImpl.java:1514) ~[na:na]
	at java.base/sun.security.ssl.SSLSocketImpl.readHandshakeRecord(SSLSocketImpl.java:1416) ~[na:na]
	at java.base/sun.security.ssl.SSLSocketImpl.startHandshake(SSLSocketImpl.java:451) ~[na:na]
	at java.base/sun.security.ssl.SSLSocketImpl.startHandshake(SSLSocketImpl.java:422) ~[na:na]
	at org.apache.http.conn.ssl.SSLConnectionSocketFactory.createLayeredSocket(SSLConnectionSocketFactory.java:436) ~[httpclient-4.5.13.jar:4.5.13]
	at org.apache.http.conn.ssl.SSLConnectionSocketFactory.connectSocket(SSLConnectionSocketFactory.java:384) ~[httpclient-4.5.13.jar:4.5.13]
	at org.apache.http.impl.conn.DefaultHttpClientConnectionOperator.connect(DefaultHttpClientConnectionOperator.java:142) ~[httpclient-4.5.13.jar:4.5.13]
	at org.apache.http.impl.conn.PoolingHttpClientConnectionManager.connect(PoolingHttpClientConnectionManager.java:376) ~[httpclient-4.5.13.jar:4.5.13]
	at org.apache.http.impl.execchain.MainClientExec.establishRoute(MainClientExec.java:393) ~[httpclient-4.5.13.jar:4.5.13]
	at org.apache.http.impl.execchain.MainClientExec.execute(MainClientExec.java:236) ~[httpclient-4.5.13.jar:4.5.13]
	at org.apache.http.impl.execchain.ProtocolExec.execute(ProtocolExec.java:186) ~[httpclient-4.5.13.jar:4.5.13]
	at org.apache.http.impl.execchain.RetryExec.execute(RetryExec.java:89) ~[httpclient-4.5.13.jar:4.5.13]
	at org.apache.http.impl.execchain.RedirectExec.execute(RedirectExec.java:110) ~[httpclient-4.5.13.jar:4.5.13]
	at org.apache.http.impl.client.InternalHttpClient.doExecute(InternalHttpClient.java:185) ~[httpclient-4.5.13.jar:4.5.13]
	at org.apache.http.impl.client.CloseableHttpClient.execute(CloseableHttpClient.java:83) ~[httpclient-4.5.13.jar:4.5.13]
	at org.telegram.telegrambots.updatesreceivers.DefaultBotSession$ReaderThread.getUpdatesFromServer(DefaultBotSession.java:250) ~[telegrambots-5.7.1.jar:na]
	at org.telegram.telegrambots.updatesreceivers.DefaultBotSession$ReaderThread.run(DefaultBotSession.java:189) ~[telegrambots-5.7.1.jar:na]
Caused by: java.io.EOFException: SSL peer shut down incorrectly
	at java.base/sun.security.ssl.SSLSocketInputRecord.read(SSLSocketInputRecord.java:483) ~[na:na]
	at java.base/sun.security.ssl.SSLSocketInputRecord.readHeader(SSLSocketInputRecord.java:472) ~[na:na]
	at java.base/sun.security.ssl.SSLSocketInputRecord.decode(SSLSocketInputRecord.java:160) ~[na:na]
	at java.base/sun.security.ssl.SSLTransport.decode(SSLTransport.java:111) ~[na:na]
	at java.base/sun.security.ssl.SSLSocketImpl.decode(SSLSocketImpl.java:1506) ~[na:na]
	... 16 common frames omitted
21:34:08.349 1693328 [CurrencyTelegramBot Telegram Executor] INFO  ru.liga.view.Bot - SendPhoto(chatId=323997975, photo=InputFile(attachName=attach://image.png, mediaName=image.png, newMediaFile=C:\Users\chlok\Desktop\TelegramCurrencyForecaster\src\main\resources\image.png, newMediaStream=null, isNew=true), caption=, disableNotification=null, replyToMessageId=null, replyMarkup=null, parseMode=null, captionEntities=null, allowSendingWithoutReply=null, protectContent=null)
21:34:47.233 1732212 [CurrencyTelegramBot Telegram Executor] INFO  ru.liga.view.Bot - Update(updateId=899650218, message=Message(messageId=138, from=User(id=323997975, firstName=Дмитрий, isBot=false, lastName=Соломатин, userName=chlok1991, languageCode=ru, canJoinGroups=null, canReadAllGroupMessages=null, supportInlineQueries=null), date=1648406097, chat=Chat(id=323997975, type=private, title=null, firstName=Дмитрий, lastName=Соломатин, userName=chlok1991, allMembersAreAdministrators=null, photo=null, description=null, inviteLink=null, pinnedMessage=null, stickerSetName=null, canSetStickerSet=null, permissions=null, slowModeDelay=null, bio=null, linkedChatId=null, location=null, messageAutoDeleteTime=null, allowSavingContent=null, hasPrivateForwards=null), forwardFrom=null, forwardFromChat=null, forwardDate=null, text=rate USD,TRY -period month -alg actual -output graph, entities=null, captionEntities=null, audio=null, document=null, photo=null, sticker=null, video=null, contact=null, location=null, venue=null, animation=null, pinnedMessage=null, newChatMembers=[], leftChatMember=null, newChatTitle=null, newChatPhoto=null, deleteChatPhoto=null, groupchatCreated=null, replyToMessage=null, voice=null, caption=null, superGroupCreated=null, channelChatCreated=null, migrateToChatId=null, migrateFromChatId=null, editDate=null, game=null, forwardFromMessageId=null, invoice=null, successfulPayment=null, videoNote=null, authorSignature=null, forwardSignature=null, mediaGroupId=null, connectedWebsite=null, passportData=null, forwardSenderName=null, poll=null, replyMarkup=null, dice=null, viaBot=null, senderChat=null, proximityAlertTriggered=null, messageAutoDeleteTimerChanged=null, voiceChatStarted=null, voiceChatEnded=null, voiceChatParticipantsInvited=null, voiceChatScheduled=null, isAutomaticForward=null, canBeForwarded=null), inlineQuery=null, chosenInlineQuery=null, callbackQuery=null, editedMessage=null, channelPost=null, editedChannelPost=null, shippingQuery=null, preCheckoutQuery=null, poll=null, pollAnswer=null, myChatMember=null, chatMember=null, chatJoinRequest=null)
21:34:47.234 1732213 [CurrencyTelegramBot Telegram Executor] INFO  ru.liga.utils.CommandMapper - ServiceCommand{output=GRAPH, date=2022-04-27, algorithm=ACTUAL, currencies=[USD, TRY], period=MONTH}
21:55:13.434 2958413 [CurrencyTelegramBot Telegram Connection] ERROR o.t.t.u.DefaultBotSession - api.telegram.org:443 failed to respond
org.apache.http.NoHttpResponseException: api.telegram.org:443 failed to respond
	at org.apache.http.impl.conn.DefaultHttpResponseParser.parseHead(DefaultHttpResponseParser.java:141) ~[httpclient-4.5.13.jar:4.5.13]
	at org.apache.http.impl.conn.DefaultHttpResponseParser.parseHead(DefaultHttpResponseParser.java:56) ~[httpclient-4.5.13.jar:4.5.13]
	at org.apache.http.impl.io.AbstractMessageParser.parse(AbstractMessageParser.java:259) ~[httpcore-4.4.13.jar:4.4.13]
	at org.apache.http.impl.DefaultBHttpClientConnection.receiveResponseHeader(DefaultBHttpClientConnection.java:163) ~[httpcore-4.4.13.jar:4.4.13]
	at org.apache.http.impl.conn.CPoolProxy.receiveResponseHeader(CPoolProxy.java:157) ~[httpclient-4.5.13.jar:4.5.13]
	at org.apache.http.protocol.HttpRequestExecutor.doReceiveResponse(HttpRequestExecutor.java:273) ~[httpcore-4.4.13.jar:4.4.13]
	at org.apache.http.protocol.HttpRequestExecutor.execute(HttpRequestExecutor.java:125) ~[httpcore-4.4.13.jar:4.4.13]
	at org.apache.http.impl.execchain.MainClientExec.execute(MainClientExec.java:272) ~[httpclient-4.5.13.jar:4.5.13]
	at org.apache.http.impl.execchain.ProtocolExec.execute(ProtocolExec.java:186) ~[httpclient-4.5.13.jar:4.5.13]
	at org.apache.http.impl.execchain.RetryExec.execute(RetryExec.java:89) ~[httpclient-4.5.13.jar:4.5.13]
	at org.apache.http.impl.execchain.RedirectExec.execute(RedirectExec.java:110) ~[httpclient-4.5.13.jar:4.5.13]
	at org.apache.http.impl.client.InternalHttpClient.doExecute(InternalHttpClient.java:185) ~[httpclient-4.5.13.jar:4.5.13]
	at org.apache.http.impl.client.CloseableHttpClient.execute(CloseableHttpClient.java:83) ~[httpclient-4.5.13.jar:4.5.13]
	at org.telegram.telegrambots.updatesreceivers.DefaultBotSession$ReaderThread.getUpdatesFromServer(DefaultBotSession.java:250) ~[telegrambots-5.7.1.jar:na]
	at org.telegram.telegrambots.updatesreceivers.DefaultBotSession$ReaderThread.run(DefaultBotSession.java:189) ~[telegrambots-5.7.1.jar:na]
22:01:10.097 7657 [CurrencyTelegramBot Telegram Executor] INFO  ru.liga.view.Bot - Update(updateId=899650219, message=Message(messageId=139, from=User(id=323997975, firstName=Дмитрий, isBot=false, lastName=Соломатин, userName=chlok1991, languageCode=ru, canJoinGroups=null, canReadAllGroupMessages=null, supportInlineQueries=null), date=1648407680, chat=Chat(id=323997975, type=private, title=null, firstName=Дмитрий, lastName=Соломатин, userName=chlok1991, allMembersAreAdministrators=null, photo=null, description=null, inviteLink=null, pinnedMessage=null, stickerSetName=null, canSetStickerSet=null, permissions=null, slowModeDelay=null, bio=null, linkedChatId=null, location=null, messageAutoDeleteTime=null, allowSavingContent=null, hasPrivateForwards=null), forwardFrom=null, forwardFromChat=null, forwardDate=null, text=rate USD,TRY -period month -alg actual -output graph, entities=null, captionEntities=null, audio=null, document=null, photo=null, sticker=null, video=null, contact=null, location=null, venue=null, animation=null, pinnedMessage=null, newChatMembers=[], leftChatMember=null, newChatTitle=null, newChatPhoto=null, deleteChatPhoto=null, groupchatCreated=null, replyToMessage=null, voice=null, caption=null, superGroupCreated=null, channelChatCreated=null, migrateToChatId=null, migrateFromChatId=null, editDate=null, game=null, forwardFromMessageId=null, invoice=null, successfulPayment=null, videoNote=null, authorSignature=null, forwardSignature=null, mediaGroupId=null, connectedWebsite=null, passportData=null, forwardSenderName=null, poll=null, replyMarkup=null, dice=null, viaBot=null, senderChat=null, proximityAlertTriggered=null, messageAutoDeleteTimerChanged=null, voiceChatStarted=null, voiceChatEnded=null, voiceChatParticipantsInvited=null, voiceChatScheduled=null, isAutomaticForward=null, canBeForwarded=null), inlineQuery=null, chosenInlineQuery=null, callbackQuery=null, editedMessage=null, channelPost=null, editedChannelPost=null, shippingQuery=null, preCheckoutQuery=null, poll=null, pollAnswer=null, myChatMember=null, chatMember=null, chatJoinRequest=null)
22:01:10.142 7702 [CurrencyTelegramBot Telegram Executor] INFO  ru.liga.utils.CommandMapper - ServiceCommand{output=GRAPH, date=2022-04-27, algorithm=ACTUAL, currencies=[USD, TRY], period=MONTH}
22:01:11.757 9317 [CurrencyTelegramBot Telegram Executor] INFO  ru.liga.controller.RateController - ru.liga.model.TelegramCommand@23d01580
22:01:14.477 12037 [CurrencyTelegramBot Telegram Executor] INFO  ru.liga.view.Bot - SendPhoto(chatId=323997975, photo=InputFile(attachName=attach://image.png, mediaName=image.png, newMediaFile=C:\Users\chlok\Desktop\TelegramCurrencyForecaster\src\main\resources\image.png, newMediaStream=null, isNew=true), caption=, disableNotification=null, replyToMessageId=null, replyMarkup=null, parseMode=null, captionEntities=null, allowSendingWithoutReply=null, protectContent=null)
22:10:52.095 589655 [CurrencyTelegramBot Telegram Executor] INFO  ru.liga.view.Bot - Update(updateId=899650220, message=Message(messageId=141, from=User(id=323997975, firstName=Дмитрий, isBot=false, lastName=Соломатин, userName=chlok1991, languageCode=ru, canJoinGroups=null, canReadAllGroupMessages=null, supportInlineQueries=null), date=1648408262, chat=Chat(id=323997975, type=private, title=null, firstName=Дмитрий, lastName=Соломатин, userName=chlok1991, allMembersAreAdministrators=null, photo=null, description=null, inviteLink=null, pinnedMessage=null, stickerSetName=null, canSetStickerSet=null, permissions=null, slowModeDelay=null, bio=null, linkedChatId=null, location=null, messageAutoDeleteTime=null, allowSavingContent=null, hasPrivateForwards=null), forwardFrom=null, forwardFromChat=null, forwardDate=null, text=rate USD,TRY -period month -alg regression -output graph, entities=null, captionEntities=null, audio=null, document=null, photo=null, sticker=null, video=null, contact=null, location=null, venue=null, animation=null, pinnedMessage=null, newChatMembers=[], leftChatMember=null, newChatTitle=null, newChatPhoto=null, deleteChatPhoto=null, groupchatCreated=null, replyToMessage=null, voice=null, caption=null, superGroupCreated=null, channelChatCreated=null, migrateToChatId=null, migrateFromChatId=null, editDate=null, game=null, forwardFromMessageId=null, invoice=null, successfulPayment=null, videoNote=null, authorSignature=null, forwardSignature=null, mediaGroupId=null, connectedWebsite=null, passportData=null, forwardSenderName=null, poll=null, replyMarkup=null, dice=null, viaBot=null, senderChat=null, proximityAlertTriggered=null, messageAutoDeleteTimerChanged=null, voiceChatStarted=null, voiceChatEnded=null, voiceChatParticipantsInvited=null, voiceChatScheduled=null, isAutomaticForward=null, canBeForwarded=null), inlineQuery=null, chosenInlineQuery=null, callbackQuery=null, editedMessage=null, channelPost=null, editedChannelPost=null, shippingQuery=null, preCheckoutQuery=null, poll=null, pollAnswer=null, myChatMember=null, chatMember=null, chatJoinRequest=null)
22:10:52.097 589657 [CurrencyTelegramBot Telegram Executor] INFO  ru.liga.utils.CommandMapper - ServiceCommand{output=GRAPH, date=2022-04-27, algorithm=LINEAR_REGRESSION, currencies=[USD, TRY], period=MONTH}
22:10:52.133 589693 [CurrencyTelegramBot Telegram Executor] ERROR o.t.t.u.DefaultBotSession - class [Ljava.lang.Object; cannot be cast to class [Ljava.lang.Double; ([Ljava.lang.Object; and [Ljava.lang.Double; are in module java.base of loader 'bootstrap')
java.lang.ClassCastException: class [Ljava.lang.Object; cannot be cast to class [Ljava.lang.Double; ([Ljava.lang.Object; and [Ljava.lang.Double; are in module java.base of loader 'bootstrap')
	at ru.liga.service.LinearRegressionService.getLinearRegression(LinearRegressionService.java:48) ~[classes/:na]
	at ru.liga.service.LinearRegressionService.getPeriodRates(LinearRegressionService.java:35) ~[classes/:na]
	at ru.liga.controller.RateController.operate(RateController.java:45) ~[classes/:na]
	at ru.liga.view.Bot.onUpdateReceived(Bot.java:51) ~[classes/:na]
	at java.base/java.util.ArrayList.forEach(ArrayList.java:1511) ~[na:na]
	at org.telegram.telegrambots.meta.generics.LongPollingBot.onUpdatesReceived(LongPollingBot.java:27) ~[telegrambots-meta-5.7.1.jar:na]
	at org.telegram.telegrambots.updatesreceivers.DefaultBotSession$HandlerThread.run(DefaultBotSession.java:317) ~[telegrambots-5.7.1.jar:na]
22:13:35.825 6431 [CurrencyTelegramBot Telegram Executor] INFO  ru.liga.view.Bot - Update(updateId=899650221, message=Message(messageId=142, from=User(id=323997975, firstName=Дмитрий, isBot=false, lastName=Соломатин, userName=chlok1991, languageCode=ru, canJoinGroups=null, canReadAllGroupMessages=null, supportInlineQueries=null), date=1648408425, chat=Chat(id=323997975, type=private, title=null, firstName=Дмитрий, lastName=Соломатин, userName=chlok1991, allMembersAreAdministrators=null, photo=null, description=null, inviteLink=null, pinnedMessage=null, stickerSetName=null, canSetStickerSet=null, permissions=null, slowModeDelay=null, bio=null, linkedChatId=null, location=null, messageAutoDeleteTime=null, allowSavingContent=null, hasPrivateForwards=null), forwardFrom=null, forwardFromChat=null, forwardDate=null, text=rate USD,TRY -period month -alg regression -output graph, entities=null, captionEntities=null, audio=null, document=null, photo=null, sticker=null, video=null, contact=null, location=null, venue=null, animation=null, pinnedMessage=null, newChatMembers=[], leftChatMember=null, newChatTitle=null, newChatPhoto=null, deleteChatPhoto=null, groupchatCreated=null, replyToMessage=null, voice=null, caption=null, superGroupCreated=null, channelChatCreated=null, migrateToChatId=null, migrateFromChatId=null, editDate=null, game=null, forwardFromMessageId=null, invoice=null, successfulPayment=null, videoNote=null, authorSignature=null, forwardSignature=null, mediaGroupId=null, connectedWebsite=null, passportData=null, forwardSenderName=null, poll=null, replyMarkup=null, dice=null, viaBot=null, senderChat=null, proximityAlertTriggered=null, messageAutoDeleteTimerChanged=null, voiceChatStarted=null, voiceChatEnded=null, voiceChatParticipantsInvited=null, voiceChatScheduled=null, isAutomaticForward=null, canBeForwarded=null), inlineQuery=null, chosenInlineQuery=null, callbackQuery=null, editedMessage=null, channelPost=null, editedChannelPost=null, shippingQuery=null, preCheckoutQuery=null, poll=null, pollAnswer=null, myChatMember=null, chatMember=null, chatJoinRequest=null)
22:13:35.901 6507 [CurrencyTelegramBot Telegram Executor] INFO  ru.liga.utils.CommandMapper - ServiceCommand{output=GRAPH, date=2022-04-27, algorithm=LINEAR_REGRESSION, currencies=[USD, TRY], period=MONTH}
22:13:37.587 8193 [CurrencyTelegramBot Telegram Executor] INFO  ru.liga.controller.RateController - ru.liga.model.TelegramCommand@117b4333
22:13:39.091 9697 [CurrencyTelegramBot Telegram Executor] INFO  ru.liga.view.Bot - SendPhoto(chatId=323997975, photo=InputFile(attachName=attach://image.png, mediaName=image.png, newMediaFile=C:\Users\chlok\Desktop\TelegramCurrencyForecaster\src\main\resources\image.png, newMediaStream=null, isNew=true), caption=, disableNotification=null, replyToMessageId=null, replyMarkup=null, parseMode=null, captionEntities=null, allowSendingWithoutReply=null, protectContent=null)
16:24:30.378 23646 [CurrencyTelegramBot Telegram Executor] INFO  ru.liga.view.Bot - Update(updateId=899650222, message=Message(messageId=144, from=User(id=323997975, firstName=Дмитрий, isBot=false, lastName=Соломатин, userName=chlok1991, languageCode=ru, canJoinGroups=null, canReadAllGroupMessages=null, supportInlineQueries=null), date=1648473881, chat=Chat(id=323997975, type=private, title=null, firstName=Дмитрий, lastName=Соломатин, userName=chlok1991, allMembersAreAdministrators=null, photo=null, description=null, inviteLink=null, pinnedMessage=null, stickerSetName=null, canSetStickerSet=null, permissions=null, slowModeDelay=null, bio=null, linkedChatId=null, location=null, messageAutoDeleteTime=null, allowSavingContent=null, hasPrivateForwards=null), forwardFrom=null, forwardFromChat=null, forwardDate=null, text=rate USD,TRY -period month -alg regression -output graph, entities=null, captionEntities=null, audio=null, document=null, photo=null, sticker=null, video=null, contact=null, location=null, venue=null, animation=null, pinnedMessage=null, newChatMembers=[], leftChatMember=null, newChatTitle=null, newChatPhoto=null, deleteChatPhoto=null, groupchatCreated=null, replyToMessage=null, voice=null, caption=null, superGroupCreated=null, channelChatCreated=null, migrateToChatId=null, migrateFromChatId=null, editDate=null, game=null, forwardFromMessageId=null, invoice=null, successfulPayment=null, videoNote=null, authorSignature=null, forwardSignature=null, mediaGroupId=null, connectedWebsite=null, passportData=null, forwardSenderName=null, poll=null, replyMarkup=null, dice=null, viaBot=null, senderChat=null, proximityAlertTriggered=null, messageAutoDeleteTimerChanged=null, voiceChatStarted=null, voiceChatEnded=null, voiceChatParticipantsInvited=null, voiceChatScheduled=null, isAutomaticForward=null, canBeForwarded=null), inlineQuery=null, chosenInlineQuery=null, callbackQuery=null, editedMessage=null, channelPost=null, editedChannelPost=null, shippingQuery=null, preCheckoutQuery=null, poll=null, pollAnswer=null, myChatMember=null, chatMember=null, chatJoinRequest=null)
16:24:30.450 23718 [CurrencyTelegramBot Telegram Executor] INFO  ru.liga.utils.CommandMapper - ServiceCommand{output=GRAPH, date=2022-04-28, algorithm=LINEAR_REGRESSION, currencies=[USD, TRY], period=MONTH}
16:24:39.786 33054 [CurrencyTelegramBot Telegram Executor] INFO  ru.liga.controller.RateController - TelegramCommand{ratesList=[[Rate{date=2022-03-29, rate=91.0888, title='USD'}, Rate{date=2022-03-30, rate=91.7622, title='USD'}, Rate{date=2022-03-31, rate=92.4355, title='USD'}, Rate{date=2022-04-01, rate=93.1089, title='USD'}, Rate{date=2022-04-02, rate=93.7823, title='USD'}, Rate{date=2022-04-03, rate=94.4556, title='USD'}, Rate{date=2022-04-04, rate=95.1290, title='USD'}, Rate{date=2022-04-05, rate=95.8024, title='USD'}, Rate{date=2022-04-06, rate=96.4758, title='USD'}, Rate{date=2022-04-07, rate=97.1491, title='USD'}, Rate{date=2022-04-08, rate=97.8225, title='USD'}, Rate{date=2022-04-09, rate=98.4959, title='USD'}, Rate{date=2022-04-10, rate=99.1692, title='USD'}, Rate{date=2022-04-11, rate=99.8426, title='USD'}, Rate{date=2022-04-12, rate=100.5160, title='USD'}, Rate{date=2022-04-13, rate=101.1894, title='USD'}, Rate{date=2022-04-14, rate=101.8627, title='USD'}, Rate{date=2022-04-15, rate=102.5361, title='USD'}, Rate{date=2022-04-16, rate=103.2095, title='USD'}, Rate{date=2022-04-17, rate=103.8828, title='USD'}, Rate{date=2022-04-18, rate=104.5562, title='USD'}, Rate{date=2022-04-19, rate=105.2296, title='USD'}, Rate{date=2022-04-20, rate=105.9030, title='USD'}, Rate{date=2022-04-21, rate=106.5763, title='USD'}, Rate{date=2022-04-22, rate=107.2497, title='USD'}, Rate{date=2022-04-23, rate=107.9231, title='USD'}, Rate{date=2022-04-24, rate=108.5964, title='USD'}, Rate{date=2022-04-25, rate=109.2698, title='USD'}, Rate{date=2022-04-26, rate=109.9432, title='USD'}, Rate{date=2022-04-27, rate=110.6166, title='USD'}, Rate{date=2022-04-28, rate=111.2899, title='USD'}, Rate{date=2022-04-29, rate=111.9633, title='USD'}], [Rate{date=2022-03-29, rate=65.1088, title='TRY'}, Rate{date=2022-03-30, rate=65.5010, title='TRY'}, Rate{date=2022-03-31, rate=65.8931, title='TRY'}, Rate{date=2022-04-01, rate=66.2853, title='TRY'}, Rate{date=2022-04-02, rate=66.6775, title='TRY'}, Rate{date=2022-04-03, rate=67.0696, title='TRY'}, Rate{date=2022-04-04, rate=67.4618, title='TRY'}, Rate{date=2022-04-05, rate=67.8540, title='TRY'}, Rate{date=2022-04-06, rate=68.2462, title='TRY'}, Rate{date=2022-04-07, rate=68.6383, title='TRY'}, Rate{date=2022-04-08, rate=69.0305, title='TRY'}, Rate{date=2022-04-09, rate=69.4227, title='TRY'}, Rate{date=2022-04-10, rate=69.8148, title='TRY'}, Rate{date=2022-04-11, rate=70.2070, title='TRY'}, Rate{date=2022-04-12, rate=70.5992, title='TRY'}, Rate{date=2022-04-13, rate=70.9913, title='TRY'}, Rate{date=2022-04-14, rate=71.3835, title='TRY'}, Rate{date=2022-04-15, rate=71.7757, title='TRY'}, Rate{date=2022-04-16, rate=72.1678, title='TRY'}, Rate{date=2022-04-17, rate=72.5600, title='TRY'}, Rate{date=2022-04-18, rate=72.9522, title='TRY'}, Rate{date=2022-04-19, rate=73.3444, title='TRY'}, Rate{date=2022-04-20, rate=73.7365, title='TRY'}, Rate{date=2022-04-21, rate=74.1287, title='TRY'}, Rate{date=2022-04-22, rate=74.5209, title='TRY'}, Rate{date=2022-04-23, rate=74.9130, title='TRY'}, Rate{date=2022-04-24, rate=75.3052, title='TRY'}, Rate{date=2022-04-25, rate=75.6974, title='TRY'}, Rate{date=2022-04-26, rate=76.0895, title='TRY'}, Rate{date=2022-04-27, rate=76.4817, title='TRY'}, Rate{date=2022-04-28, rate=76.8739, title='TRY'}, Rate{date=2022-04-29, rate=77.2660, title='TRY'}]], rate=null, output=GRAPH, currencies=[USD, TRY], message='null'}
16:24:40.783 34051 [CurrencyTelegramBot Telegram Executor] INFO  ru.liga.view.Bot - SendPhoto(chatId=323997975, photo=InputFile(attachName=attach://image.png, mediaName=image.png, newMediaFile=C:\Users\chlok\Desktop\TelegramCurrencyForecaster\src\main\resources\image.png, newMediaStream=null, isNew=true), caption=, disableNotification=null, replyToMessageId=null, replyMarkup=null, parseMode=null, captionEntities=null, allowSendingWithoutReply=null, protectContent=null)
16:33:24.729 557997 [CurrencyTelegramBot Telegram Connection] INFO  o.t.t.u.DefaultBotSession - Read timed out
java.net.SocketTimeoutException: Read timed out
	at java.base/sun.nio.ch.NioSocketImpl.timedRead(NioSocketImpl.java:283) ~[na:na]
	at java.base/sun.nio.ch.NioSocketImpl.implRead(NioSocketImpl.java:309) ~[na:na]
	at java.base/sun.nio.ch.NioSocketImpl.read(NioSocketImpl.java:350) ~[na:na]
	at java.base/sun.nio.ch.NioSocketImpl$1.read(NioSocketImpl.java:803) ~[na:na]
	at java.base/java.net.Socket$SocketInputStream.read(Socket.java:976) ~[na:na]
	at java.base/sun.security.ssl.SSLSocketInputRecord.read(SSLSocketInputRecord.java:478) ~[na:na]
	at java.base/sun.security.ssl.SSLSocketInputRecord.readHeader(SSLSocketInputRecord.java:472) ~[na:na]
	at java.base/sun.security.ssl.SSLSocketInputRecord.bytesInCompletePacket(SSLSocketInputRecord.java:70) ~[na:na]
	at java.base/sun.security.ssl.SSLSocketImpl.readApplicationRecord(SSLSocketImpl.java:1454) ~[na:na]
	at java.base/sun.security.ssl.SSLSocketImpl$AppInputStream.read(SSLSocketImpl.java:1060) ~[na:na]
	at org.apache.http.impl.io.SessionInputBufferImpl.streamRead(SessionInputBufferImpl.java:137) ~[httpcore-4.4.13.jar:4.4.13]
	at org.apache.http.impl.io.SessionInputBufferImpl.fillBuffer(SessionInputBufferImpl.java:153) ~[httpcore-4.4.13.jar:4.4.13]
	at org.apache.http.impl.io.SessionInputBufferImpl.readLine(SessionInputBufferImpl.java:280) ~[httpcore-4.4.13.jar:4.4.13]
	at org.apache.http.impl.conn.DefaultHttpResponseParser.parseHead(DefaultHttpResponseParser.java:138) ~[httpclient-4.5.13.jar:4.5.13]
	at org.apache.http.impl.conn.DefaultHttpResponseParser.parseHead(DefaultHttpResponseParser.java:56) ~[httpclient-4.5.13.jar:4.5.13]
	at org.apache.http.impl.io.AbstractMessageParser.parse(AbstractMessageParser.java:259) ~[httpcore-4.4.13.jar:4.4.13]
	at org.apache.http.impl.DefaultBHttpClientConnection.receiveResponseHeader(DefaultBHttpClientConnection.java:163) ~[httpcore-4.4.13.jar:4.4.13]
	at org.apache.http.impl.conn.CPoolProxy.receiveResponseHeader(CPoolProxy.java:157) ~[httpclient-4.5.13.jar:4.5.13]
	at org.apache.http.protocol.HttpRequestExecutor.doReceiveResponse(HttpRequestExecutor.java:273) ~[httpcore-4.4.13.jar:4.4.13]
	at org.apache.http.protocol.HttpRequestExecutor.execute(HttpRequestExecutor.java:125) ~[httpcore-4.4.13.jar:4.4.13]
	at org.apache.http.impl.execchain.MainClientExec.execute(MainClientExec.java:272) ~[httpclient-4.5.13.jar:4.5.13]
	at org.apache.http.impl.execchain.ProtocolExec.execute(ProtocolExec.java:186) ~[httpclient-4.5.13.jar:4.5.13]
	at org.apache.http.impl.execchain.RetryExec.execute(RetryExec.java:89) ~[httpclient-4.5.13.jar:4.5.13]
	at org.apache.http.impl.execchain.RedirectExec.execute(RedirectExec.java:110) ~[httpclient-4.5.13.jar:4.5.13]
	at org.apache.http.impl.client.InternalHttpClient.doExecute(InternalHttpClient.java:185) ~[httpclient-4.5.13.jar:4.5.13]
	at org.apache.http.impl.client.CloseableHttpClient.execute(CloseableHttpClient.java:83) ~[httpclient-4.5.13.jar:4.5.13]
	at org.telegram.telegrambots.updatesreceivers.DefaultBotSession$ReaderThread.getUpdatesFromServer(DefaultBotSession.java:250) ~[telegrambots-5.7.1.jar:na]
	at org.telegram.telegrambots.updatesreceivers.DefaultBotSession$ReaderThread.run(DefaultBotSession.java:189) ~[telegrambots-5.7.1.jar:na]
16:34:01.098 594366 [CurrencyTelegramBot Telegram Executor] INFO  ru.liga.view.Bot - Update(updateId=899650223, message=Message(messageId=146, from=User(id=323997975, firstName=Дмитрий, isBot=false, lastName=Соломатин, userName=chlok1991, languageCode=ru, canJoinGroups=null, canReadAllGroupMessages=null, supportInlineQueries=null), date=1648474452, chat=Chat(id=323997975, type=private, title=null, firstName=Дмитрий, lastName=Соломатин, userName=chlok1991, allMembersAreAdministrators=null, photo=null, description=null, inviteLink=null, pinnedMessage=null, stickerSetName=null, canSetStickerSet=null, permissions=null, slowModeDelay=null, bio=null, linkedChatId=null, location=null, messageAutoDeleteTime=null, allowSavingContent=null, hasPrivateForwards=null), forwardFrom=null, forwardFromChat=null, forwardDate=null, text=rate USD,TRY -period month -alg actual -output graph, entities=null, captionEntities=null, audio=null, document=null, photo=null, sticker=null, video=null, contact=null, location=null, venue=null, animation=null, pinnedMessage=null, newChatMembers=[], leftChatMember=null, newChatTitle=null, newChatPhoto=null, deleteChatPhoto=null, groupchatCreated=null, replyToMessage=null, voice=null, caption=null, superGroupCreated=null, channelChatCreated=null, migrateToChatId=null, migrateFromChatId=null, editDate=null, game=null, forwardFromMessageId=null, invoice=null, successfulPayment=null, videoNote=null, authorSignature=null, forwardSignature=null, mediaGroupId=null, connectedWebsite=null, passportData=null, forwardSenderName=null, poll=null, replyMarkup=null, dice=null, viaBot=null, senderChat=null, proximityAlertTriggered=null, messageAutoDeleteTimerChanged=null, voiceChatStarted=null, voiceChatEnded=null, voiceChatParticipantsInvited=null, voiceChatScheduled=null, isAutomaticForward=null, canBeForwarded=null), inlineQuery=null, chosenInlineQuery=null, callbackQuery=null, editedMessage=null, channelPost=null, editedChannelPost=null, shippingQuery=null, preCheckoutQuery=null, poll=null, pollAnswer=null, myChatMember=null, chatMember=null, chatJoinRequest=null)
16:34:01.101 594369 [CurrencyTelegramBot Telegram Executor] INFO  ru.liga.utils.CommandMapper - ServiceCommand{output=GRAPH, date=2022-04-28, algorithm=ACTUAL, currencies=[USD, TRY], period=MONTH}
16:34:05.402 598670 [CurrencyTelegramBot Telegram Executor] INFO  ru.liga.controller.RateController - TelegramCommand{ratesList=[[Rate{date=2022-03-29, rate=142.5337, title='USD'}, Rate{date=2022-03-30, rate=142.4672, title='USD'}, Rate{date=2022-03-31, rate=142.4672, title='USD'}, Rate{date=2022-04-01, rate=142.4672, title='USD'}, Rate{date=2022-04-02, rate=143.1501, title='USD'}, Rate{date=2022-04-03, rate=143.2051, title='USD'}, Rate{date=2022-04-04, rate=142.8964, title='USD'}, Rate{date=2022-04-05, rate=143.0606, title='USD'}, Rate{date=2022-04-06, rate=143.1397, title='USD'}, Rate{date=2022-04-07, rate=141.8146, title='USD'}, Rate{date=2022-04-08, rate=140.8622, title='USD'}, Rate{date=2022-04-09, rate=141.0997, title='USD'}, Rate{date=2022-04-10, rate=139.3816, title='USD'}, Rate{date=2022-04-11, rate=138.4888, title='USD'}, Rate{date=2022-04-12, rate=138.1506, title='USD'}, Rate{date=2022-04-13, rate=138.2686, title='USD'}, Rate{date=2022-04-14, rate=138.0416, title='USD'}, Rate{date=2022-04-15, rate=137.8321, title='USD'}, Rate{date=2022-04-16, rate=137.9614, title='USD'}, Rate{date=2022-04-17, rate=138.9541, title='USD'}, Rate{date=2022-04-18, rate=137.8891, title='USD'}, Rate{date=2022-04-19, rate=138.0129, title='USD'}, Rate{date=2022-04-20, rate=137.9043, title='USD'}, Rate{date=2022-04-21, rate=138.6259, title='USD'}, Rate{date=2022-04-22, rate=140.2164, title='USD'}, Rate{date=2022-04-23, rate=140.8276, title='USD'}, Rate{date=2022-04-24, rate=138.9196, title='USD'}, Rate{date=2022-04-25, rate=138.6961, title='USD'}, Rate{date=2022-04-26, rate=139.3957, title='USD'}, Rate{date=2022-04-27, rate=139.4216, title='USD'}, Rate{date=2022-04-28, rate=139.2013, title='USD'}, Rate{date=2022-04-29, rate=139.2759, title='USD'}], [Rate{date=2022-03-29, rate=23.6647, title='TRY'}, Rate{date=2022-03-30, rate=23.5207, title='TRY'}, Rate{date=2022-03-31, rate=23.5207, title='TRY'}, Rate{date=2022-04-01, rate=23.5207, title='TRY'}, Rate{date=2022-04-02, rate=23.6189, title='TRY'}, Rate{date=2022-04-03, rate=23.8128, title='TRY'}, Rate{date=2022-04-04, rate=23.6448, title='TRY'}, Rate{date=2022-04-05, rate=23.6512, title='TRY'}, Rate{date=2022-04-06, rate=23.7083, title='TRY'}, Rate{date=2022-04-07, rate=22.9217, title='TRY'}, Rate{date=2022-04-08, rate=22.8656, title='TRY'}, Rate{date=2022-04-09, rate=22.6566, title='TRY'}, Rate{date=2022-04-10, rate=22.4377, title='TRY'}, Rate{date=2022-04-11, rate=22.3981, title='TRY'}, Rate{date=2022-04-12, rate=22.3221, title='TRY'}, Rate{date=2022-04-13, rate=22.2228, title='TRY'}, Rate{date=2022-04-14, rate=22.0494, title='TRY'}, Rate{date=2022-04-15, rate=21.9991, title='TRY'}, Rate{date=2022-04-16, rate=21.8340, title='TRY'}, Rate{date=2022-04-17, rate=21.8822, title='TRY'}, Rate{date=2022-04-18, rate=21.7651, title='TRY'}, Rate{date=2022-04-19, rate=21.6099, title='TRY'}, Rate{date=2022-04-20, rate=21.6412, title='TRY'}, Rate{date=2022-04-21, rate=21.8408, title='TRY'}, Rate{date=2022-04-22, rate=21.9368, title='TRY'}, Rate{date=2022-04-23, rate=21.9364, title='TRY'}, Rate{date=2022-04-24, rate=21.6967, title='TRY'}, Rate{date=2022-04-25, rate=21.6144, title='TRY'}, Rate{date=2022-04-26, rate=21.6847, title='TRY'}, Rate{date=2022-04-27, rate=21.6272, title='TRY'}, Rate{date=2022-04-28, rate=21.5769, title='TRY'}, Rate{date=2022-04-29, rate=21.5748, title='TRY'}]], rate=null, output=GRAPH, currencies=[USD, TRY], message='null'}
16:34:05.828 599096 [CurrencyTelegramBot Telegram Executor] INFO  ru.liga.view.Bot - SendPhoto(chatId=323997975, photo=InputFile(attachName=attach://image.png, mediaName=image.png, newMediaFile=C:\Users\chlok\Desktop\TelegramCurrencyForecaster\src\main\resources\image.png, newMediaStream=null, isNew=true), caption=, disableNotification=null, replyToMessageId=null, replyMarkup=null, parseMode=null, captionEntities=null, allowSendingWithoutReply=null, protectContent=null)
16:34:43.238 636506 [CurrencyTelegramBot Telegram Executor] INFO  ru.liga.view.Bot - Update(updateId=899650224, message=Message(messageId=148, from=User(id=323997975, firstName=Дмитрий, isBot=false, lastName=Соломатин, userName=chlok1991, languageCode=ru, canJoinGroups=null, canReadAllGroupMessages=null, supportInlineQueries=null), date=1648474494, chat=Chat(id=323997975, type=private, title=null, firstName=Дмитрий, lastName=Соломатин, userName=chlok1991, allMembersAreAdministrators=null, photo=null, description=null, inviteLink=null, pinnedMessage=null, stickerSetName=null, canSetStickerSet=null, permissions=null, slowModeDelay=null, bio=null, linkedChatId=null, location=null, messageAutoDeleteTime=null, allowSavingContent=null, hasPrivateForwards=null), forwardFrom=null, forwardFromChat=null, forwardDate=null, text=rate USD,TRY -period month -alg moon -output graph, entities=null, captionEntities=null, audio=null, document=null, photo=null, sticker=null, video=null, contact=null, location=null, venue=null, animation=null, pinnedMessage=null, newChatMembers=[], leftChatMember=null, newChatTitle=null, newChatPhoto=null, deleteChatPhoto=null, groupchatCreated=null, replyToMessage=null, voice=null, caption=null, superGroupCreated=null, channelChatCreated=null, migrateToChatId=null, migrateFromChatId=null, editDate=null, game=null, forwardFromMessageId=null, invoice=null, successfulPayment=null, videoNote=null, authorSignature=null, forwardSignature=null, mediaGroupId=null, connectedWebsite=null, passportData=null, forwardSenderName=null, poll=null, replyMarkup=null, dice=null, viaBot=null, senderChat=null, proximityAlertTriggered=null, messageAutoDeleteTimerChanged=null, voiceChatStarted=null, voiceChatEnded=null, voiceChatParticipantsInvited=null, voiceChatScheduled=null, isAutomaticForward=null, canBeForwarded=null), inlineQuery=null, chosenInlineQuery=null, callbackQuery=null, editedMessage=null, channelPost=null, editedChannelPost=null, shippingQuery=null, preCheckoutQuery=null, poll=null, pollAnswer=null, myChatMember=null, chatMember=null, chatJoinRequest=null)
16:34:43.240 636508 [CurrencyTelegramBot Telegram Executor] INFO  ru.liga.utils.CommandMapper - ServiceCommand{output=GRAPH, date=2022-04-28, algorithm=MYSTIC, currencies=[USD, TRY], period=MONTH}
16:34:43.270 636538 [CurrencyTelegramBot Telegram Executor] INFO  ru.liga.controller.RateController - TelegramCommand{ratesList=[[Rate{date=2022-03-29, rate=74.9360, title='USD'}, Rate{date=2022-03-30, rate=76.3774, title='USD'}, Rate{date=2022-03-31, rate=83.8301, title='USD'}, Rate{date=2022-04-01, rate=77.5179, title='USD'}, Rate{date=2022-04-02, rate=78.9412, title='USD'}, Rate{date=2022-04-03, rate=72.9736, title='USD'}, Rate{date=2022-04-04, rate=75.0472, title='USD'}, Rate{date=2022-04-05, rate=77.0221, title='USD'}, Rate{date=2022-04-06, rate=75.1138, title='USD'}, Rate{date=2022-04-07, rate=79.1674, title='USD'}, Rate{date=2022-04-08, rate=76.0016, title='USD'}, Rate{date=2022-04-09, rate=82.2024, title='USD'}, Rate{date=2022-04-10, rate=75.1536, title='USD'}, Rate{date=2022-04-11, rate=75.8538, title='USD'}, Rate{date=2022-04-12, rate=69.9822, title='USD'}, Rate{date=2022-04-13, rate=72.5643, title='USD'}, Rate{date=2022-04-14, rate=67.2351, title='USD'}, Rate{date=2022-04-15, rate=72.4072, title='USD'}, Rate{date=2022-04-16, rate=70.2624, title='USD'}, Rate{date=2022-04-17, rate=67.6405, title='USD'}, Rate{date=2022-04-18, rate=62.8122, title='USD'}, Rate{date=2022-04-19, rate=63.3174, title='USD'}, Rate{date=2022-04-20, rate=67.3620, title='USD'}, Rate{date=2022-04-21, rate=62.4312, title='USD'}, Rate{date=2022-04-22, rate=64.3246, title='USD'}, Rate{date=2022-04-23, rate=65.1693, title='USD'}, Rate{date=2022-04-24, rate=64.8923, title='USD'}, Rate{date=2022-04-25, rate=62.3837, title='USD'}, Rate{date=2022-04-26, rate=58.6549, title='USD'}, Rate{date=2022-04-27, rate=56.5021, title='USD'}, Rate{date=2022-04-28, rate=52.2634, title='USD'}, Rate{date=2022-04-29, rate=57.2367, title='USD'}], [Rate{date=2022-03-29, rate=59.9970, title='TRY'}, Rate{date=2022-03-30, rate=54.7587, title='TRY'}, Rate{date=2022-03-31, rate=58.7257, title='TRY'}, Rate{date=2022-04-01, rate=54.3822, title='TRY'}, Rate{date=2022-04-02, rate=49.6260, title='TRY'}, Rate{date=2022-04-03, rate=50.0495, title='TRY'}, Rate{date=2022-04-04, rate=46.4322, title='TRY'}, Rate{date=2022-04-05, rate=48.0273, title='TRY'}, Rate{date=2022-04-06, rate=48.2300, title='TRY'}, Rate{date=2022-04-07, rate=47.8509, title='TRY'}, Rate{date=2022-04-08, rate=46.8655, title='TRY'}, Rate{date=2022-04-09, rate=43.4977, title='TRY'}, Rate{date=2022-04-10, rate=39.3915, title='TRY'}, Rate{date=2022-04-11, rate=36.2332, title='TRY'}, Rate{date=2022-04-12, rate=38.8269, title='TRY'}, Rate{date=2022-04-13, rate=35.2140, title='TRY'}, Rate{date=2022-04-14, rate=35.1652, title='TRY'}, Rate{date=2022-04-15, rate=31.8080, title='TRY'}, Rate{date=2022-04-16, rate=29.7552, title='TRY'}, Rate{date=2022-04-17, rate=27.2450, title='TRY'}, Rate{date=2022-04-18, rate=26.9124, title='TRY'}, Rate{date=2022-04-19, rate=25.4549, title='TRY'}, Rate{date=2022-04-20, rate=24.6118, title='TRY'}, Rate{date=2022-04-21, rate=26.2791, title='TRY'}, Rate{date=2022-04-22, rate=27.7929, title='TRY'}, Rate{date=2022-04-23, rate=30.0276, title='TRY'}, Rate{date=2022-04-24, rate=29.0012, title='TRY'}, Rate{date=2022-04-25, rate=27.9953, title='TRY'}, Rate{date=2022-04-26, rate=29.1370, title='TRY'}, Rate{date=2022-04-27, rate=27.2741, title='TRY'}, Rate{date=2022-04-28, rate=24.9777, title='TRY'}, Rate{date=2022-04-29, rate=25.1921, title='TRY'}]], rate=null, output=GRAPH, currencies=[USD, TRY], message='null'}
16:34:43.679 636947 [CurrencyTelegramBot Telegram Executor] INFO  ru.liga.view.Bot - SendPhoto(chatId=323997975, photo=InputFile(attachName=attach://image.png, mediaName=image.png, newMediaFile=C:\Users\chlok\Desktop\TelegramCurrencyForecaster\src\main\resources\image.png, newMediaStream=null, isNew=true), caption=, disableNotification=null, replyToMessageId=null, replyMarkup=null, parseMode=null, captionEntities=null, allowSendingWithoutReply=null, protectContent=null)
16:38:27.722 860990 [CurrencyTelegramBot Telegram Executor] INFO  ru.liga.view.Bot - Update(updateId=899650225, message=Message(messageId=150, from=User(id=323997975, firstName=Дмитрий, isBot=false, lastName=Соломатин, userName=chlok1991, languageCode=ru, canJoinGroups=null, canReadAllGroupMessages=null, supportInlineQueries=null), date=1648474718, chat=Chat(id=323997975, type=private, title=null, firstName=Дмитрий, lastName=Соломатин, userName=chlok1991, allMembersAreAdministrators=null, photo=null, description=null, inviteLink=null, pinnedMessage=null, stickerSetName=null, canSetStickerSet=null, permissions=null, slowModeDelay=null, bio=null, linkedChatId=null, location=null, messageAutoDeleteTime=null, allowSavingContent=null, hasPrivateForwards=null), forwardFrom=null, forwardFromChat=null, forwardDate=null, text=rate TRY -date tomorrow -alg moon, entities=null, captionEntities=null, audio=null, document=null, photo=null, sticker=null, video=null, contact=null, location=null, venue=null, animation=null, pinnedMessage=null, newChatMembers=[], leftChatMember=null, newChatTitle=null, newChatPhoto=null, deleteChatPhoto=null, groupchatCreated=null, replyToMessage=null, voice=null, caption=null, superGroupCreated=null, channelChatCreated=null, migrateToChatId=null, migrateFromChatId=null, editDate=null, game=null, forwardFromMessageId=null, invoice=null, successfulPayment=null, videoNote=null, authorSignature=null, forwardSignature=null, mediaGroupId=null, connectedWebsite=null, passportData=null, forwardSenderName=null, poll=null, replyMarkup=null, dice=null, viaBot=null, senderChat=null, proximityAlertTriggered=null, messageAutoDeleteTimerChanged=null, voiceChatStarted=null, voiceChatEnded=null, voiceChatParticipantsInvited=null, voiceChatScheduled=null, isAutomaticForward=null, canBeForwarded=null), inlineQuery=null, chosenInlineQuery=null, callbackQuery=null, editedMessage=null, channelPost=null, editedChannelPost=null, shippingQuery=null, preCheckoutQuery=null, poll=null, pollAnswer=null, myChatMember=null, chatMember=null, chatJoinRequest=null)
16:38:27.723 860991 [CurrencyTelegramBot Telegram Executor] INFO  ru.liga.utils.CommandMapper - ServiceCommand{output=DATE, date=2022-03-29, algorithm=MYSTIC, currencies=[TRY], period=ONE_DATE}
16:38:28.049 861317 [CurrencyTelegramBot Telegram Executor] INFO  ru.liga.view.Bot - SendMessage(chatId=323997975, text=вт 29.03.2022 - 60,00, parseMode=null, disableWebPagePreview=null, disableNotification=null, replyToMessageId=null, replyMarkup=null, entities=null, allowSendingWithoutReply=null, protectContent=null)
16:38:40.274 873542 [CurrencyTelegramBot Telegram Executor] INFO  ru.liga.view.Bot - Update(updateId=899650226, message=Message(messageId=152, from=User(id=323997975, firstName=Дмитрий, isBot=false, lastName=Соломатин, userName=chlok1991, languageCode=ru, canJoinGroups=null, canReadAllGroupMessages=null, supportInlineQueries=null), date=1648474731, chat=Chat(id=323997975, type=private, title=null, firstName=Дмитрий, lastName=Соломатин, userName=chlok1991, allMembersAreAdministrators=null, photo=null, description=null, inviteLink=null, pinnedMessage=null, stickerSetName=null, canSetStickerSet=null, permissions=null, slowModeDelay=null, bio=null, linkedChatId=null, location=null, messageAutoDeleteTime=null, allowSavingContent=null, hasPrivateForwards=null), forwardFrom=null, forwardFromChat=null, forwardDate=null, text=rate USD -period week -alg moon -output list, entities=null, captionEntities=null, audio=null, document=null, photo=null, sticker=null, video=null, contact=null, location=null, venue=null, animation=null, pinnedMessage=null, newChatMembers=[], leftChatMember=null, newChatTitle=null, newChatPhoto=null, deleteChatPhoto=null, groupchatCreated=null, replyToMessage=null, voice=null, caption=null, superGroupCreated=null, channelChatCreated=null, migrateToChatId=null, migrateFromChatId=null, editDate=null, game=null, forwardFromMessageId=null, invoice=null, successfulPayment=null, videoNote=null, authorSignature=null, forwardSignature=null, mediaGroupId=null, connectedWebsite=null, passportData=null, forwardSenderName=null, poll=null, replyMarkup=null, dice=null, viaBot=null, senderChat=null, proximityAlertTriggered=null, messageAutoDeleteTimerChanged=null, voiceChatStarted=null, voiceChatEnded=null, voiceChatParticipantsInvited=null, voiceChatScheduled=null, isAutomaticForward=null, canBeForwarded=null), inlineQuery=null, chosenInlineQuery=null, callbackQuery=null, editedMessage=null, channelPost=null, editedChannelPost=null, shippingQuery=null, preCheckoutQuery=null, poll=null, pollAnswer=null, myChatMember=null, chatMember=null, chatJoinRequest=null)
16:38:40.275 873543 [CurrencyTelegramBot Telegram Executor] INFO  ru.liga.utils.CommandMapper - ServiceCommand{output=LIST, date=2022-04-04, algorithm=MYSTIC, currencies=[USD], period=WEEK}
16:38:40.277 873545 [CurrencyTelegramBot Telegram Executor] INFO  ru.liga.controller.RateController - TelegramCommand{ratesList=[[Rate{date=2022-03-29, rate=74.9360, title='USD'}, Rate{date=2022-03-30, rate=77.4837, title='USD'}, Rate{date=2022-03-31, rate=72.1163, title='USD'}, Rate{date=2022-04-01, rate=73.8322, title='USD'}, Rate{date=2022-04-02, rate=72.6233, title='USD'}, Rate{date=2022-04-03, rate=74.9324, title='USD'}, Rate{date=2022-04-04, rate=71.4733, title='USD'}, Rate{date=2022-04-05, rate=65.3524, title='USD'}]], rate=null, output=LIST, currencies=[USD], message='null'}
16:38:40.369 873637 [CurrencyTelegramBot Telegram Executor] INFO  ru.liga.view.Bot - SendMessage(chatId=323997975, text=вт 29.03.2022 - 74,94
ср 30.03.2022 - 77,48
чт 31.03.2022 - 72,12
пт 01.04.2022 - 73,83
сб 02.04.2022 - 72,62
вс 03.04.2022 - 74,93
пн 04.04.2022 - 71,47
вт 05.04.2022 - 65,35, parseMode=null, disableWebPagePreview=null, disableNotification=null, replyToMessageId=null, replyMarkup=null, entities=null, allowSendingWithoutReply=null, protectContent=null)
